Build started 4/14/2013 3:31:21 PM.
Project "C:\Documents and Settings\Administrator\Desktop\School Crap\Object Oriented Programming\Assignment 2\oopA4\oopA4\oopA4.vcxproj" on node 2 (build target(s)).
InitializeBuildStatus:
  Creating "Debug\oopA4.unsuccessfulbuild" because "AlwaysCreate" was specified.
ClCompile:
  C:\Program Files\Microsoft Visual Studio 10.0\VC\bin\CL.exe /c /ZI /nologo /W3 /WX- /Od /Oy- /D WIN32 /D _DEBUG /D _CONSOLE /D _UNICODE /D UNICODE /Gm /EHsc /RTC1 /MDd /GS /fp:precise /Zc:wchar_t /Zc:forScope /Fo"Debug\\" /Fd"Debug\vc100.pdb" /Gd /TP /analyze- /errorReport:prompt pioneerCarRadio.cpp
  pioneerCarRadio.cpp
c:\documents and settings\administrator\desktop\school crap\object oriented programming\assignment 2\oopa4\oopa4\pioneercarradio.cpp(66): warning C4996: 'getch': The POSIX name for this item is deprecated. Instead, use the ISO C++ conformant name: _getch. See online help for details.
          c:\program files\microsoft visual studio 10.0\vc\include\conio.h(128) : see declaration of 'getch'
ManifestResourceCompile:
  All outputs are up-to-date.
Link:
  C:\Program Files\Microsoft Visual Studio 10.0\VC\bin\link.exe /ERRORREPORT:PROMPT /OUT:"C:\Documents and Settings\Administrator\Desktop\School Crap\Object Oriented Programming\Assignment 2\oopA4\Debug\oopA4.exe" /INCREMENTAL /NOLOGO kernel32.lib user32.lib gdi32.lib winspool.lib comdlg32.lib advapi32.lib shell32.lib ole32.lib oleaut32.lib uuid.lib odbc32.lib odbccp32.lib /MANIFEST /ManifestFile:"Debug\oopA4.exe.intermediate.manifest" /MANIFESTUAC:"level='asInvoker' uiAccess='false'" /DEBUG /PDB:"C:\Documents and Settings\Administrator\Desktop\School Crap\Object Oriented Programming\Assignment 2\oopA4\Debug\oopA4.pdb" /SUBSYSTEM:CONSOLE /TLBID:1 /DYNAMICBASE /NXCOMPAT /IMPLIB:"C:\Documents and Settings\Administrator\Desktop\School Crap\Object Oriented Programming\Assignment 2\oopA4\Debug\oopA4.lib" /MACHINE:X86 Debug\oopA4.exe.embed.manifest.res
  Debug\amfmRadio.obj
  Debug\pioneerCarRadio.obj
  Debug\ultimateRadio.obj
Manifest:
  C:\Program Files\Microsoft SDKs\Windows\v7.0A\bin\mt.exe /nologo /verbose /out:"Debug\oopA4.exe.embed.manifest" /manifest Debug\oopA4.exe.intermediate.manifest
  All outputs are up-to-date.
LinkEmbedManifest:
  All outputs are up-to-date.
  oopA4.vcxproj -> C:\Documents and Settings\Administrator\Desktop\School Crap\Object Oriented Programming\Assignment 2\oopA4\Debug\oopA4.exe
FinalizeBuildStatus:
  Deleting file "Debug\oopA4.unsuccessfulbuild".
  Touching "Debug\oopA4.lastbuildstate".
Done Building Project "C:\Documents and Settings\Administrator\Desktop\School Crap\Object Oriented Programming\Assignment 2\oopA4\oopA4\oopA4.vcxproj" (build target(s)).

Build succeeded.

Time Elapsed 00:00:00.58
