Build started 2/15/2013 9:35:39 PM.
Project "C:\Documents and Settings\Administrator\Desktop\School Crap\System Application Development\sad\sad\sad.vcxproj" on node 2 (build target(s)).
InitializeBuildStatus:
  Creating "Debug\sad.unsuccessfulbuild" because "AlwaysCreate" was specified.
ClCompile:
  C:\Program Files\Microsoft Visual Studio 10.0\VC\bin\CL.exe /c /ZI /nologo /W3 /WX- /Od /Oy- /D WIN32 /D _DEBUG /D _CONSOLE /D _UNICODE /D UNICODE /Gm /EHsc /RTC1 /MDd /GS /fp:precise /Zc:wchar_t /Zc:forScope /Fo"Debug\\" /Fd"Debug\vc100.pdb" /Gd /TC /analyze- /errorReport:prompt sad.c
  sad.c
c:\documents and settings\administrator\desktop\school crap\system application development\sad\sad\sad.c(83): warning C4996: 'strcpy': This function or variable may be unsafe. Consider using strcpy_s instead. To disable deprecation, use _CRT_SECURE_NO_WARNINGS. See online help for details.
          c:\program files\microsoft visual studio 10.0\vc\include\string.h(105) : see declaration of 'strcpy'
c:\documents and settings\administrator\desktop\school crap\system application development\sad\sad\sad.c(85): warning C4018: '<=' : signed/unsigned mismatch
c:\documents and settings\administrator\desktop\school crap\system application development\sad\sad\sad.c(92): warning C4996: 'fopen': This function or variable may be unsafe. Consider using fopen_s instead. To disable deprecation, use _CRT_SECURE_NO_WARNINGS. See online help for details.
          c:\program files\microsoft visual studio 10.0\vc\include\stdio.h(234) : see declaration of 'fopen'
c:\documents and settings\administrator\desktop\school crap\system application development\sad\sad\sad.c(117): warning C4996: 'strcpy': This function or variable may be unsafe. Consider using strcpy_s instead. To disable deprecation, use _CRT_SECURE_NO_WARNINGS. See online help for details.
          c:\program files\microsoft visual studio 10.0\vc\include\string.h(105) : see declaration of 'strcpy'
c:\documents and settings\administrator\desktop\school crap\system application development\sad\sad\sad.c(119): warning C4018: '<=' : signed/unsigned mismatch
c:\documents and settings\administrator\desktop\school crap\system application development\sad\sad\sad.c(137): warning C4020: 'ProcessHowToPrintContents' : too many actual parameters
c:\documents and settings\administrator\desktop\school crap\system application development\sad\sad\sad.c(166): warning C4020: 'ProcessHowToPrintContents' : too many actual parameters
c:\documents and settings\administrator\desktop\school crap\system application development\sad\sad\sad.c(58): warning C4101: 'OutputFile' : unreferenced local variable
c:\documents and settings\administrator\desktop\school crap\system application development\sad\sad\sad.c(192): warning C4029: declared formal parameter list different from definition
c:\documents and settings\administrator\desktop\school crap\system application development\sad\sad\sad.c(197): warning C4996: 'fopen': This function or variable may be unsafe. Consider using fopen_s instead. To disable deprecation, use _CRT_SECURE_NO_WARNINGS. See online help for details.
          c:\program files\microsoft visual studio 10.0\vc\include\stdio.h(234) : see declaration of 'fopen'
c:\documents and settings\administrator\desktop\school crap\system application development\sad\sad\sad.c(205): warning C4020: 'PrintAssemblyStyle' : too many actual parameters
c:\documents and settings\administrator\desktop\school crap\system application development\sad\sad\sad.c(212): warning C4996: 'fopen': This function or variable may be unsafe. Consider using fopen_s instead. To disable deprecation, use _CRT_SECURE_NO_WARNINGS. See online help for details.
          c:\program files\microsoft visual studio 10.0\vc\include\stdio.h(234) : see declaration of 'fopen'
c:\documents and settings\administrator\desktop\school crap\system application development\sad\sad\sad.c(218): warning C4020: 'PrintAssemblyStyle' : too many actual parameters
c:\documents and settings\administrator\desktop\school crap\system application development\sad\sad\sad.c(227): warning C4996: 'strcat': This function or variable may be unsafe. Consider using strcat_s instead. To disable deprecation, use _CRT_SECURE_NO_WARNINGS. See online help for details.
          c:\program files\microsoft visual studio 10.0\vc\include\string.h(110) : see declaration of 'strcat'
c:\documents and settings\administrator\desktop\school crap\system application development\sad\sad\sad.c(229): warning C4996: 'fopen': This function or variable may be unsafe. Consider using fopen_s instead. To disable deprecation, use _CRT_SECURE_NO_WARNINGS. See online help for details.
          c:\program files\microsoft visual studio 10.0\vc\include\stdio.h(234) : see declaration of 'fopen'
c:\documents and settings\administrator\desktop\school crap\system application development\sad\sad\sad.c(238): warning C4020: 'PrintAssemblyStyle' : too many actual parameters
c:\documents and settings\administrator\desktop\school crap\system application development\sad\sad\sad.c(244): warning C4996: 'strcat': This function or variable may be unsafe. Consider using strcat_s instead. To disable deprecation, use _CRT_SECURE_NO_WARNINGS. See online help for details.
          c:\program files\microsoft visual studio 10.0\vc\include\string.h(110) : see declaration of 'strcat'
c:\documents and settings\administrator\desktop\school crap\system application development\sad\sad\sad.c(245): warning C4996: 'strcpy': This function or variable may be unsafe. Consider using strcpy_s instead. To disable deprecation, use _CRT_SECURE_NO_WARNINGS. See online help for details.
          c:\program files\microsoft visual studio 10.0\vc\include\string.h(105) : see declaration of 'strcpy'
c:\documents and settings\administrator\desktop\school crap\system application development\sad\sad\sad.c(276): warning C4018: '<' : signed/unsigned mismatch
c:\documents and settings\administrator\desktop\school crap\system application development\sad\sad\sad.c(306): warning C4018: '<=' : signed/unsigned mismatch
c:\documents and settings\administrator\desktop\school crap\system application development\sad\sad\sad.c(344): warning C4996: 'fopen': This function or variable may be unsafe. Consider using fopen_s instead. To disable deprecation, use _CRT_SECURE_NO_WARNINGS. See online help for details.
          c:\program files\microsoft visual studio 10.0\vc\include\stdio.h(234) : see declaration of 'fopen'
c:\documents and settings\administrator\desktop\school crap\system application development\sad\sad\sad.c(350): warning C4098: 'PrintSrecFile' : 'void' function returning a value
c:\documents and settings\administrator\desktop\school crap\system application development\sad\sad\sad.c(355): warning C4018: '<' : signed/unsigned mismatch
c:\documents and settings\administrator\desktop\school crap\system application development\sad\sad\sad.c(401): warning C4996: 'sprintf': This function or variable may be unsafe. Consider using sprintf_s instead. To disable deprecation, use _CRT_SECURE_NO_WARNINGS. See online help for details.
          c:\program files\microsoft visual studio 10.0\vc\include\stdio.h(371) : see declaration of 'sprintf'
c:\documents and settings\administrator\desktop\school crap\system application development\sad\sad\sad.c(403): warning C4996: 'strncpy': This function or variable may be unsafe. Consider using strncpy_s instead. To disable deprecation, use _CRT_SECURE_NO_WARNINGS. See online help for details.
          c:\program files\microsoft visual studio 10.0\vc\include\string.h(188) : see declaration of 'strncpy'
c:\documents and settings\administrator\desktop\school crap\system application development\sad\sad\sad.c(405): warning C4996: 'strncpy': This function or variable may be unsafe. Consider using strncpy_s instead. To disable deprecation, use _CRT_SECURE_NO_WARNINGS. See online help for details.
          c:\program files\microsoft visual studio 10.0\vc\include\string.h(188) : see declaration of 'strncpy'
c:\documents and settings\administrator\desktop\school crap\system application development\sad\sad\sad.c(412): warning C4018: '<' : signed/unsigned mismatch
c:\documents and settings\administrator\desktop\school crap\system application development\sad\sad\sad.c(454): warning C4996: 'sprintf': This function or variable may be unsafe. Consider using sprintf_s instead. To disable deprecation, use _CRT_SECURE_NO_WARNINGS. See online help for details.
          c:\program files\microsoft visual studio 10.0\vc\include\stdio.h(371) : see declaration of 'sprintf'
c:\documents and settings\administrator\desktop\school crap\system application development\sad\sad\sad.c(456): warning C4996: 'strncpy': This function or variable may be unsafe. Consider using strncpy_s instead. To disable deprecation, use _CRT_SECURE_NO_WARNINGS. See online help for details.
          c:\program files\microsoft visual studio 10.0\vc\include\string.h(188) : see declaration of 'strncpy'
c:\documents and settings\administrator\desktop\school crap\system application development\sad\sad\sad.c(459): warning C4996: 'strncpy': This function or variable may be unsafe. Consider using strncpy_s instead. To disable deprecation, use _CRT_SECURE_NO_WARNINGS. See online help for details.
          c:\program files\microsoft visual studio 10.0\vc\include\string.h(188) : see declaration of 'strncpy'
c:\documents and settings\administrator\desktop\school crap\system application development\sad\sad\sad.c(467): warning C4018: '<' : signed/unsigned mismatch
c:\documents and settings\administrator\desktop\school crap\system application development\sad\sad\sad.c(506): warning C4996: 'sprintf': This function or variable may be unsafe. Consider using sprintf_s instead. To disable deprecation, use _CRT_SECURE_NO_WARNINGS. See online help for details.
          c:\program files\microsoft visual studio 10.0\vc\include\stdio.h(371) : see declaration of 'sprintf'
c:\documents and settings\administrator\desktop\school crap\system application development\sad\sad\sad.c(508): warning C4996: 'strncpy': This function or variable may be unsafe. Consider using strncpy_s instead. To disable deprecation, use _CRT_SECURE_NO_WARNINGS. See online help for details.
          c:\program files\microsoft visual studio 10.0\vc\include\string.h(188) : see declaration of 'strncpy'
c:\documents and settings\administrator\desktop\school crap\system application development\sad\sad\sad.c(511): warning C4996: 'strncpy': This function or variable may be unsafe. Consider using strncpy_s instead. To disable deprecation, use _CRT_SECURE_NO_WARNINGS. See online help for details.
          c:\program files\microsoft visual studio 10.0\vc\include\string.h(188) : see declaration of 'strncpy'
c:\documents and settings\administrator\desktop\school crap\system application development\sad\sad\sad.c(545): warning C4996: 'sprintf': This function or variable may be unsafe. Consider using sprintf_s instead. To disable deprecation, use _CRT_SECURE_NO_WARNINGS. See online help for details.
          c:\program files\microsoft visual studio 10.0\vc\include\stdio.h(371) : see declaration of 'sprintf'
c:\documents and settings\administrator\desktop\school crap\system application development\sad\sad\sad.c(547): warning C4996: 'strncpy': This function or variable may be unsafe. Consider using strncpy_s instead. To disable deprecation, use _CRT_SECURE_NO_WARNINGS. See online help for details.
          c:\program files\microsoft visual studio 10.0\vc\include\string.h(188) : see declaration of 'strncpy'
c:\documents and settings\administrator\desktop\school crap\system application development\sad\sad\sad.c(550): warning C4996: 'strncpy': This function or variable may be unsafe. Consider using strncpy_s instead. To disable deprecation, use _CRT_SECURE_NO_WARNINGS. See online help for details.
          c:\program files\microsoft visual studio 10.0\vc\include\string.h(188) : see declaration of 'strncpy'
c:\documents and settings\administrator\desktop\school crap\system application development\sad\sad\sad.c(181): warning C4715: 'ProcessCommandLine' : not all control paths return a value
c:\documents and settings\administrator\desktop\school crap\system application development\sad\sad\sad.c(260): warning C4715: 'ProcessHowToPrintContents' : not all control paths return a value
ManifestResourceCompile:
  All outputs are up-to-date.
Link:
  C:\Program Files\Microsoft Visual Studio 10.0\VC\bin\link.exe /ERRORREPORT:PROMPT /OUT:"C:\Documents and Settings\Administrator\Desktop\School Crap\System Application Development\sad\Debug\sad.exe" /INCREMENTAL /NOLOGO kernel32.lib user32.lib gdi32.lib winspool.lib comdlg32.lib advapi32.lib shell32.lib ole32.lib oleaut32.lib uuid.lib odbc32.lib odbccp32.lib /MANIFEST /ManifestFile:"Debug\sad.exe.intermediate.manifest" /MANIFESTUAC:"level='asInvoker' uiAccess='false'" /DEBUG /PDB:"C:\Documents and Settings\Administrator\Desktop\School Crap\System Application Development\sad\Debug\sad.pdb" /SUBSYSTEM:CONSOLE /TLBID:1 /DYNAMICBASE /NXCOMPAT /IMPLIB:"C:\Documents and Settings\Administrator\Desktop\School Crap\System Application Development\sad\Debug\sad.lib" /MACHINE:X86 Debug\sad.exe.embed.manifest.res
  Debug\sad.obj
Manifest:
  C:\Program Files\Microsoft SDKs\Windows\v7.0A\bin\mt.exe /nologo /verbose /out:"Debug\sad.exe.embed.manifest" /manifest Debug\sad.exe.intermediate.manifest
  All outputs are up-to-date.
LinkEmbedManifest:
  All outputs are up-to-date.
  sad.vcxproj -> C:\Documents and Settings\Administrator\Desktop\School Crap\System Application Development\sad\Debug\sad.exe
FinalizeBuildStatus:
  Deleting file "Debug\sad.unsuccessfulbuild".
  Touching "Debug\sad.lastbuildstate".
Done Building Project "C:\Documents and Settings\Administrator\Desktop\School Crap\System Application Development\sad\sad\sad.vcxproj" (build target(s)).

Build succeeded.

Time Elapsed 00:00:01.69
