Build started 3/6/2013 11:37:19 PM.
Project "C:\Documents and Settings\Administrator\Desktop\School Crap\Object Oriented Programming\Assignment 2\dsaadA2\dsaadA2\dsaadA2.vcxproj" on node 2 (build target(s)).
InitializeBuildStatus:
  Creating "Debug\dsadA2.unsuccessfulbuild" because "AlwaysCreate" was specified.
ClCompile:
  All outputs are up-to-date.
ManifestResourceCompile:
  All outputs are up-to-date.
Link:
  C:\Program Files\Microsoft Visual Studio 10.0\VC\bin\link.exe /ERRORREPORT:PROMPT /OUT:"C:\Documents and Settings\Administrator\Desktop\School Crap\Object Oriented Programming\Assignment 2\dsaadA2\Debug\dsadA2.exe" /INCREMENTAL /NOLOGO kernel32.lib user32.lib gdi32.lib winspool.lib comdlg32.lib advapi32.lib shell32.lib ole32.lib oleaut32.lib uuid.lib odbc32.lib odbccp32.lib /MANIFEST /ManifestFile:"Debug\dsadA2.exe.intermediate.manifest" /MANIFESTUAC:"level='asInvoker' uiAccess='false'" /DEBUG /PDB:"C:\Documents and Settings\Administrator\Desktop\School Crap\Object Oriented Programming\Assignment 2\dsaadA2\Debug\dsadA2.pdb" /SUBSYSTEM:CONSOLE /TLBID:1 /DYNAMICBASE /NXCOMPAT /IMPLIB:"C:\Documents and Settings\Administrator\Desktop\School Crap\Object Oriented Programming\Assignment 2\dsaadA2\Debug\dsadA2.lib" /MACHINE:X86 Debug\dsadA2.exe.embed.manifest.res
  Debug\dsadA2.obj
  LINK : C:\Documents and Settings\Administrator\Desktop\School Crap\Object Oriented Programming\Assignment 2\dsaadA2\Debug\dsadA2.exe not found or not built by the last incremental link; performing full link
Manifest:
  C:\Program Files\Microsoft SDKs\Windows\v7.0A\bin\mt.exe /nologo /verbose /out:"Debug\dsadA2.exe.embed.manifest" /manifest Debug\dsadA2.exe.intermediate.manifest
  All outputs are up-to-date.
LinkEmbedManifest:
  All outputs are up-to-date.
  dsaadA2.vcxproj -> C:\Documents and Settings\Administrator\Desktop\School Crap\Object Oriented Programming\Assignment 2\dsaadA2\Debug\dsadA2.exe
FinalizeBuildStatus:
  Deleting file "Debug\dsadA2.unsuccessfulbuild".
  Touching "Debug\dsadA2.lastbuildstate".
Done Building Project "C:\Documents and Settings\Administrator\Desktop\School Crap\Object Oriented Programming\Assignment 2\dsaadA2\dsaadA2\dsaadA2.vcxproj" (build target(s)).

Build succeeded.

Time Elapsed 00:00:01.77
