C:\DOCUMENTS AND SETTINGS\ADMINISTRATOR\DESKTOP\SCHOOL CRAP\OBJECT ORIENTED PROGRAMMING\ASSIGNMENT 2\DSAADA2\DEBUG\DSADA2.EXE
C:\DOCUMENTS AND SETTINGS\ADMINISTRATOR\DESKTOP\SCHOOL CRAP\OBJECT ORIENTED PROGRAMMING\ASSIGNMENT 2\DSAADA2\DEBUG\DSADA2.ILK
C:\DOCUMENTS AND SETTINGS\ADMINISTRATOR\DESKTOP\SCHOOL CRAP\OBJECT ORIENTED PROGRAMMING\ASSIGNMENT 2\DSAADA2\DEBUG\DSADA2.PDB
C:\Documents and Settings\Administrator\Desktop\School Crap\Object Oriented Programming\Assignment 2\dsaadA2\dsaadA2\Debug\cl.command.1.tlog
C:\Documents and Settings\Administrator\Desktop\School Crap\Object Oriented Programming\Assignment 2\dsaadA2\dsaadA2\Debug\CL.read.1.tlog
C:\Documents and Settings\Administrator\Desktop\School Crap\Object Oriented Programming\Assignment 2\dsaadA2\dsaadA2\Debug\CL.write.1.tlog
C:\DOCUMENTS AND SETTINGS\ADMINISTRATOR\DESKTOP\SCHOOL CRAP\OBJECT ORIENTED PROGRAMMING\ASSIGNMENT 2\DSAADA2\DSAADA2\DEBUG\DSADA2.EXE.EMBED.MANIFEST
C:\DOCUMENTS AND SETTINGS\ADMINISTRATOR\DESKTOP\SCHOOL CRAP\OBJECT ORIENTED PROGRAMMING\ASSIGNMENT 2\DSAADA2\DSAADA2\DEBUG\DSADA2.EXE.EMBED.MANIFEST.RES
C:\DOCUMENTS AND SETTINGS\ADMINISTRATOR\DESKTOP\SCHOOL CRAP\OBJECT ORIENTED PROGRAMMING\ASSIGNMENT 2\DSAADA2\DSAADA2\DEBUG\DSADA2.EXE.INTERMEDIATE.MANIFEST
C:\DOCUMENTS AND SETTINGS\ADMINISTRATOR\DESKTOP\SCHOOL CRAP\OBJECT ORIENTED PROGRAMMING\ASSIGNMENT 2\DSAADA2\DSAADA2\DEBUG\DSADA2.OBJ
C:\Documents and Settings\Administrator\Desktop\School Crap\Object Oriented Programming\Assignment 2\dsaadA2\dsaadA2\Debug\dsadA2_manifest.rc
C:\Documents and Settings\Administrator\Desktop\School Crap\Object Oriented Programming\Assignment 2\dsaadA2\dsaadA2\Debug\link.1172.read.1.tlog
C:\Documents and Settings\Administrator\Desktop\School Crap\Object Oriented Programming\Assignment 2\dsaadA2\dsaadA2\Debug\link.1172.write.1.tlog
C:\Documents and Settings\Administrator\Desktop\School Crap\Object Oriented Programming\Assignment 2\dsaadA2\dsaadA2\Debug\link.1172-cvtres.read.1.tlog
C:\Documents and Settings\Administrator\Desktop\School Crap\Object Oriented Programming\Assignment 2\dsaadA2\dsaadA2\Debug\link.1172-cvtres.write.1.tlog
C:\Documents and Settings\Administrator\Desktop\School Crap\Object Oriented Programming\Assignment 2\dsaadA2\dsaadA2\Debug\link.command.1.tlog
C:\Documents and Settings\Administrator\Desktop\School Crap\Object Oriented Programming\Assignment 2\dsaadA2\dsaadA2\Debug\link.read.1.tlog
C:\Documents and Settings\Administrator\Desktop\School Crap\Object Oriented Programming\Assignment 2\dsaadA2\dsaadA2\Debug\link.write.1.tlog
C:\Documents and Settings\Administrator\Desktop\School Crap\Object Oriented Programming\Assignment 2\dsaadA2\dsaadA2\Debug\link-cvtres.read.1.tlog
C:\Documents and Settings\Administrator\Desktop\School Crap\Object Oriented Programming\Assignment 2\dsaadA2\dsaadA2\Debug\link-cvtres.write.1.tlog
C:\Documents and Settings\Administrator\Desktop\School Crap\Object Oriented Programming\Assignment 2\dsaadA2\dsaadA2\Debug\mt.command.1.tlog
C:\Documents and Settings\Administrator\Desktop\School Crap\Object Oriented Programming\Assignment 2\dsaadA2\dsaadA2\Debug\mt.read.1.tlog
C:\Documents and Settings\Administrator\Desktop\School Crap\Object Oriented Programming\Assignment 2\dsaadA2\dsaadA2\Debug\mt.write.1.tlog
C:\Documents and Settings\Administrator\Desktop\School Crap\Object Oriented Programming\Assignment 2\dsaadA2\dsaadA2\Debug\rc.command.1.tlog
C:\Documents and Settings\Administrator\Desktop\School Crap\Object Oriented Programming\Assignment 2\dsaadA2\dsaadA2\Debug\rc.read.1.tlog
C:\Documents and Settings\Administrator\Desktop\School Crap\Object Oriented Programming\Assignment 2\dsaadA2\dsaadA2\Debug\rc.write.1.tlog
C:\Documents and Settings\Administrator\Desktop\School Crap\Object Oriented Programming\Assignment 2\dsaadA2\dsaadA2\Debug\vc100.idb
C:\DOCUMENTS AND SETTINGS\ADMINISTRATOR\DESKTOP\SCHOOL CRAP\OBJECT ORIENTED PROGRAMMING\ASSIGNMENT 2\DSAADA2\DSAADA2\DEBUG\VC100.PDB
