E:\OOP\SHAPES\DEBUG\SHAPES.EXE
E:\OOP\SHAPES\DEBUG\SHAPES.ILK
E:\OOP\SHAPES\DEBUG\SHAPES.PDB
E:\OOP\SHAPES\SHAPES\DEBUG\CIRCLE.OBJ
E:\oop\Shapes\Shapes\Debug\cl.command.1.tlog
E:\oop\Shapes\Shapes\Debug\CL.read.1.tlog
E:\oop\Shapes\Shapes\Debug\CL.write.1.tlog
E:\oop\Shapes\Shapes\Debug\link.command.1.tlog
E:\oop\Shapes\Shapes\Debug\link.read.1.tlog
E:\oop\Shapes\Shapes\Debug\link.write.1.tlog
E:\oop\Shapes\Shapes\Debug\link-cvtres.read.1.tlog
E:\oop\Shapes\Shapes\Debug\link-cvtres.write.1.tlog
E:\oop\Shapes\Shapes\Debug\mt.command.1.tlog
E:\oop\Shapes\Shapes\Debug\mt.read.1.tlog
E:\oop\Shapes\Shapes\Debug\mt.write.1.tlog
E:\OOP\SHAPES\SHAPES\DEBUG\MYSHAPE.OBJ
E:\oop\Shapes\Shapes\Debug\rc.command.1.tlog
E:\oop\Shapes\Shapes\Debug\rc.read.1.tlog
E:\oop\Shapes\Shapes\Debug\rc.write.1.tlog
E:\OOP\SHAPES\SHAPES\DEBUG\SHAPE.OBJ
E:\OOP\SHAPES\SHAPES\DEBUG\SHAPES.EXE.EMBED.MANIFEST
E:\OOP\SHAPES\SHAPES\DEBUG\SHAPES.EXE.EMBED.MANIFEST.RES
E:\OOP\SHAPES\SHAPES\DEBUG\SHAPES.EXE.INTERMEDIATE.MANIFEST
E:\oop\Shapes\Shapes\Debug\Shapes_manifest.rc
E:\OOP\SHAPES\SHAPES\DEBUG\SQUARE.OBJ
E:\oop\Shapes\Shapes\Debug\vc100.idb
E:\OOP\SHAPES\SHAPES\DEBUG\VC100.PDB
