Build started 2/28/2013 7:10:52 PM.
Project "C:\Documents and Settings\Administrator\Desktop\School Crap\Object Oriented Programming\Shapes\Shapes\Shapes.vcxproj" on node 2 (build target(s)).
InitializeBuildStatus:
  Creating "Debug\Shapes.unsuccessfulbuild" because "AlwaysCreate" was specified.
ClCompile:
  C:\Program Files\Microsoft Visual Studio 10.0\VC\bin\CL.exe /c /ZI /nologo /W3 /WX- /Od /Oy- /D WIN32 /D _DEBUG /D _CONSOLE /D _UNICODE /D UNICODE /Gm /EHsc /RTC1 /MDd /GS /fp:precise /Zc:wchar_t /Zc:forScope /Fo"Debug\\" /Fd"Debug\vc100.pdb" /Gd /TP /analyze- /errorReport:prompt Circle.cpp
  Circle.cpp
ManifestResourceCompile:
  All outputs are up-to-date.
Link:
  C:\Program Files\Microsoft Visual Studio 10.0\VC\bin\link.exe /ERRORREPORT:PROMPT /OUT:"C:\Documents and Settings\Administrator\Desktop\School Crap\Object Oriented Programming\Shapes\Debug\Shapes.exe" /INCREMENTAL /NOLOGO kernel32.lib user32.lib gdi32.lib winspool.lib comdlg32.lib advapi32.lib shell32.lib ole32.lib oleaut32.lib uuid.lib odbc32.lib odbccp32.lib /MANIFEST /ManifestFile:"Debug\Shapes.exe.intermediate.manifest" /MANIFESTUAC:"level='asInvoker' uiAccess='false'" /DEBUG /PDB:"C:\Documents and Settings\Administrator\Desktop\School Crap\Object Oriented Programming\Shapes\Debug\Shapes.pdb" /SUBSYSTEM:CONSOLE /TLBID:1 /DYNAMICBASE /NXCOMPAT /IMPLIB:"C:\Documents and Settings\Administrator\Desktop\School Crap\Object Oriented Programming\Shapes\Debug\Shapes.lib" /MACHINE:X86 Debug\Shapes.exe.embed.manifest.res
  Debug\Circle.obj
  Debug\myShape.obj
  Debug\Shape.obj
  Debug\Square.obj
Manifest:
  C:\Program Files\Microsoft SDKs\Windows\v7.0A\bin\mt.exe /nologo /verbose /out:"Debug\Shapes.exe.embed.manifest" /manifest Debug\Shapes.exe.intermediate.manifest
  All outputs are up-to-date.
LinkEmbedManifest:
  All outputs are up-to-date.
  Shapes.vcxproj -> C:\Documents and Settings\Administrator\Desktop\School Crap\Object Oriented Programming\Shapes\Debug\Shapes.exe
FinalizeBuildStatus:
  Deleting file "Debug\Shapes.unsuccessfulbuild".
  Touching "Debug\Shapes.lastbuildstate".
Done Building Project "C:\Documents and Settings\Administrator\Desktop\School Crap\Object Oriented Programming\Shapes\Shapes\Shapes.vcxproj" (build target(s)).

Build succeeded.

Time Elapsed 00:00:01.34
