Build started 10/3/2013 2:11:24 PM.
Project "C:\Documents and Settings\Administrator\Desktop\School Crap\Object Oriented Programming\Assignment 2\ghgfdhdgh\ghgfdhdgh\ghgfdhdgh.vcxproj" on node 2 (build target(s)).
PrepareForBuild:
  Creating directory "C:\Documents and Settings\Administrator\Desktop\School Crap\Object Oriented Programming\Assignment 2\ghgfdhdgh\Debug\".
InitializeBuildStatus:
  Creating "Debug\ghgfdhdgh.unsuccessfulbuild" because "AlwaysCreate" was specified.
ClCompile:
  C:\Program Files\Microsoft Visual Studio 10.0\VC\bin\CL.exe /c /ZI /nologo /W3 /WX- /Od /Oy- /D WIN32 /D _DEBUG /D _CONSOLE /D _UNICODE /D UNICODE /Gm /EHsc /RTC1 /MDd /GS /fp:precise /Zc:wchar_t /Zc:forScope /Fo"Debug\\" /Fd"Debug\vc100.pdb" /Gd /TC /analyze- /errorReport:prompt fdghdfgh.c
  fdghdfgh.c
c:\documents and settings\administrator\desktop\school crap\object oriented programming\assignment 2\ghgfdhdgh\ghgfdhdgh\fdghdfgh.c(4): warning C4996: 'scanf': This function or variable may be unsafe. Consider using scanf_s instead. To disable deprecation, use _CRT_SECURE_NO_WARNINGS. See online help for details.
          c:\program files\microsoft visual studio 10.0\vc\include\stdio.h(304) : see declaration of 'scanf'
c:\documents and settings\administrator\desktop\school crap\object oriented programming\assignment 2\ghgfdhdgh\ghgfdhdgh\fdghdfgh.c(5): warning C4700: uninitialized local variable 'b' used
ManifestResourceCompile:
  C:\Program Files\Microsoft SDKs\Windows\v7.0A\bin\rc.exe /nologo /fo"Debug\ghgfdhdgh.exe.embed.manifest.res" Debug\ghgfdhdgh_manifest.rc 
Link:
  C:\Program Files\Microsoft Visual Studio 10.0\VC\bin\link.exe /ERRORREPORT:PROMPT /OUT:"C:\Documents and Settings\Administrator\Desktop\School Crap\Object Oriented Programming\Assignment 2\ghgfdhdgh\Debug\ghgfdhdgh.exe" /INCREMENTAL /NOLOGO kernel32.lib user32.lib gdi32.lib winspool.lib comdlg32.lib advapi32.lib shell32.lib ole32.lib oleaut32.lib uuid.lib odbc32.lib odbccp32.lib /MANIFEST /ManifestFile:"Debug\ghgfdhdgh.exe.intermediate.manifest" /MANIFESTUAC:"level='asInvoker' uiAccess='false'" /DEBUG /PDB:"C:\Documents and Settings\Administrator\Desktop\School Crap\Object Oriented Programming\Assignment 2\ghgfdhdgh\Debug\ghgfdhdgh.pdb" /SUBSYSTEM:CONSOLE /TLBID:1 /DYNAMICBASE /NXCOMPAT /IMPLIB:"C:\Documents and Settings\Administrator\Desktop\School Crap\Object Oriented Programming\Assignment 2\ghgfdhdgh\Debug\ghgfdhdgh.lib" /MACHINE:X86 Debug\ghgfdhdgh.exe.embed.manifest.res
  Debug\fdghdfgh.obj
Manifest:
  C:\Program Files\Microsoft SDKs\Windows\v7.0A\bin\mt.exe /nologo /verbose /out:"Debug\ghgfdhdgh.exe.embed.manifest" /manifest Debug\ghgfdhdgh.exe.intermediate.manifest
  C:\Program Files\Microsoft SDKs\Windows\v7.0A\bin\rc.exe /nologo /fo"Debug\ghgfdhdgh.exe.embed.manifest.res" Debug\ghgfdhdgh_manifest.rc 
LinkEmbedManifest:
  C:\Program Files\Microsoft Visual Studio 10.0\VC\bin\link.exe /ERRORREPORT:PROMPT /OUT:"C:\Documents and Settings\Administrator\Desktop\School Crap\Object Oriented Programming\Assignment 2\ghgfdhdgh\Debug\ghgfdhdgh.exe" /INCREMENTAL /NOLOGO kernel32.lib user32.lib gdi32.lib winspool.lib comdlg32.lib advapi32.lib shell32.lib ole32.lib oleaut32.lib uuid.lib odbc32.lib odbccp32.lib /MANIFEST /ManifestFile:"Debug\ghgfdhdgh.exe.intermediate.manifest" /MANIFESTUAC:"level='asInvoker' uiAccess='false'" /DEBUG /PDB:"C:\Documents and Settings\Administrator\Desktop\School Crap\Object Oriented Programming\Assignment 2\ghgfdhdgh\Debug\ghgfdhdgh.pdb" /SUBSYSTEM:CONSOLE /TLBID:1 /DYNAMICBASE /NXCOMPAT /IMPLIB:"C:\Documents and Settings\Administrator\Desktop\School Crap\Object Oriented Programming\Assignment 2\ghgfdhdgh\Debug\ghgfdhdgh.lib" /MACHINE:X86 Debug\ghgfdhdgh.exe.embed.manifest.res
  Debug\fdghdfgh.obj
  ghgfdhdgh.vcxproj -> C:\Documents and Settings\Administrator\Desktop\School Crap\Object Oriented Programming\Assignment 2\ghgfdhdgh\Debug\ghgfdhdgh.exe
FinalizeBuildStatus:
  Deleting file "Debug\ghgfdhdgh.unsuccessfulbuild".
  Touching "Debug\ghgfdhdgh.lastbuildstate".
Done Building Project "C:\Documents and Settings\Administrator\Desktop\School Crap\Object Oriented Programming\Assignment 2\ghgfdhdgh\ghgfdhdgh\ghgfdhdgh.vcxproj" (build target(s)).

Build succeeded.

Time Elapsed 00:00:02.31
