Build started 3/21/2013 10:45:24 PM.
Project "C:\Documents and Settings\Administrator\Desktop\School Crap\Object Oriented Programming\Assignment 2\oopa2\oopa2\oopa2.vcxproj" on node 2 (build target(s)).
InitializeBuildStatus:
  Creating "Debug\oopa2.unsuccessfulbuild" because "AlwaysCreate" was specified.
ClCompile:
  C:\Program Files\Microsoft Visual Studio 10.0\VC\bin\CL.exe /c /ZI /nologo /W3 /WX- /Od /Oy- /D WIN32 /D _DEBUG /D _CONSOLE /D _UNICODE /D UNICODE /Gm /EHsc /RTC1 /MDd /GS /fp:precise /Zc:wchar_t /Zc:forScope /Fo"Debug\\" /Fd"Debug\vc100.pdb" /Gd /TP /analyze- /errorReport:prompt carDriver.cpp pioneerCarRadio.cpp
  pioneerCarRadio.cpp
c:\documents and settings\administrator\desktop\school crap\object oriented programming\assignment 2\oopa2\oopa2\pioneercarradio.cpp(55): warning C4996: 'getch': The POSIX name for this item is deprecated. Instead, use the ISO C++ conformant name: _getch. See online help for details.
          c:\program files\microsoft visual studio 10.0\vc\include\conio.h(128) : see declaration of 'getch'
  carDriver.cpp
  Generating Code...
ManifestResourceCompile:
  All outputs are up-to-date.
Link:
  C:\Program Files\Microsoft Visual Studio 10.0\VC\bin\link.exe /ERRORREPORT:PROMPT /OUT:"C:\Documents and Settings\Administrator\Desktop\School Crap\Object Oriented Programming\Assignment 2\oopa2\Debug\oopa2.exe" /INCREMENTAL /NOLOGO kernel32.lib user32.lib gdi32.lib winspool.lib comdlg32.lib advapi32.lib shell32.lib ole32.lib oleaut32.lib uuid.lib odbc32.lib odbccp32.lib /MANIFEST /ManifestFile:"Debug\oopa2.exe.intermediate.manifest" /MANIFESTUAC:"level='asInvoker' uiAccess='false'" /DEBUG /PDB:"C:\Documents and Settings\Administrator\Desktop\School Crap\Object Oriented Programming\Assignment 2\oopa2\Debug\oopa2.pdb" /SUBSYSTEM:CONSOLE /TLBID:1 /DYNAMICBASE /NXCOMPAT /IMPLIB:"C:\Documents and Settings\Administrator\Desktop\School Crap\Object Oriented Programming\Assignment 2\oopa2\Debug\oopa2.lib" /MACHINE:X86 Debug\oopa2.exe.embed.manifest.res
  Debug\amfmRadio.obj
  Debug\carDriver.obj
  Debug\pioneerCarRadio.obj
Manifest:
  C:\Program Files\Microsoft SDKs\Windows\v7.0A\bin\mt.exe /nologo /verbose /out:"Debug\oopa2.exe.embed.manifest" /manifest Debug\oopa2.exe.intermediate.manifest
  All outputs are up-to-date.
LinkEmbedManifest:
  All outputs are up-to-date.
  oopa2.vcxproj -> C:\Documents and Settings\Administrator\Desktop\School Crap\Object Oriented Programming\Assignment 2\oopa2\Debug\oopa2.exe
FinalizeBuildStatus:
  Deleting file "Debug\oopa2.unsuccessfulbuild".
  Touching "Debug\oopa2.lastbuildstate".
Done Building Project "C:\Documents and Settings\Administrator\Desktop\School Crap\Object Oriented Programming\Assignment 2\oopa2\oopa2\oopa2.vcxproj" (build target(s)).

Build succeeded.

Time Elapsed 00:00:02.54
