Build started 1/30/2013 11:20:51 PM.
Project "C:\Documents and Settings\Administrator\My Documents\Visual Studio 2010\Projects\oopAssignment1ms\oopAssignment1ms\oopAssignment1ms.vcxproj" on node 2 (build target(s)).
InitializeBuildStatus:
  Creating "Debug\oopAssignment1ms.unsuccessfulbuild" because "AlwaysCreate" was specified.
ClCompile:
  C:\Program Files\Microsoft Visual Studio 10.0\VC\bin\CL.exe /c /ZI /nologo /W3 /WX- /Od /Oy- /D WIN32 /D _DEBUG /D _CONSOLE /D _UNICODE /D UNICODE /Gm /EHsc /RTC1 /MDd /GS /fp:precise /Zc:wchar_t /Zc:forScope /Fo"Debug\\" /Fd"Debug\vc100.pdb" /Gd /TP /analyze- /errorReport:prompt assign1.cpp
  assign1.cpp
c:\documents and settings\administrator\my documents\visual studio 2010\projects\oopassignment1ms\oopassignment1ms\assign1.cpp(47): warning C4996: 'strtok': This function or variable may be unsafe. Consider using strtok_s instead. To disable deprecation, use _CRT_SECURE_NO_WARNINGS. See online help for details.
          c:\program files\microsoft visual studio 10.0\vc\include\string.h(197) : see declaration of 'strtok'
c:\documents and settings\administrator\my documents\visual studio 2010\projects\oopassignment1ms\oopassignment1ms\assign1.cpp(48): warning C4996: 'strtok': This function or variable may be unsafe. Consider using strtok_s instead. To disable deprecation, use _CRT_SECURE_NO_WARNINGS. See online help for details.
          c:\program files\microsoft visual studio 10.0\vc\include\string.h(197) : see declaration of 'strtok'
c:\documents and settings\administrator\my documents\visual studio 2010\projects\oopassignment1ms\oopassignment1ms\assign1.cpp(49): warning C4996: 'strtok': This function or variable may be unsafe. Consider using strtok_s instead. To disable deprecation, use _CRT_SECURE_NO_WARNINGS. See online help for details.
          c:\program files\microsoft visual studio 10.0\vc\include\string.h(197) : see declaration of 'strtok'
c:\documents and settings\administrator\my documents\visual studio 2010\projects\oopassignment1ms\oopassignment1ms\assign1.cpp(50): warning C4996: 'strtok': This function or variable may be unsafe. Consider using strtok_s instead. To disable deprecation, use _CRT_SECURE_NO_WARNINGS. See online help for details.
          c:\program files\microsoft visual studio 10.0\vc\include\string.h(197) : see declaration of 'strtok'
c:\documents and settings\administrator\my documents\visual studio 2010\projects\oopassignment1ms\oopassignment1ms\assign1.cpp(53): warning C4996: 'strtok': This function or variable may be unsafe. Consider using strtok_s instead. To disable deprecation, use _CRT_SECURE_NO_WARNINGS. See online help for details.
          c:\program files\microsoft visual studio 10.0\vc\include\string.h(197) : see declaration of 'strtok'
ManifestResourceCompile:
  All outputs are up-to-date.
Link:
  C:\Program Files\Microsoft Visual Studio 10.0\VC\bin\link.exe /ERRORREPORT:PROMPT /OUT:"C:\Documents and Settings\Administrator\My Documents\Visual Studio 2010\Projects\oopAssignment1ms\Debug\oopAssignment1ms.exe" /INCREMENTAL /NOLOGO kernel32.lib user32.lib gdi32.lib winspool.lib comdlg32.lib advapi32.lib shell32.lib ole32.lib oleaut32.lib uuid.lib odbc32.lib odbccp32.lib /MANIFEST /ManifestFile:"Debug\oopAssignment1ms.exe.intermediate.manifest" /MANIFESTUAC:"level='asInvoker' uiAccess='false'" /DEBUG /PDB:"C:\Documents and Settings\Administrator\My Documents\Visual Studio 2010\Projects\oopAssignment1ms\Debug\oopAssignment1ms.pdb" /SUBSYSTEM:CONSOLE /TLBID:1 /DYNAMICBASE /NXCOMPAT /IMPLIB:"C:\Documents and Settings\Administrator\My Documents\Visual Studio 2010\Projects\oopAssignment1ms\Debug\oopAssignment1ms.lib" /MACHINE:X86 Debug\oopAssignment1ms.exe.embed.manifest.res
  Debug\assessGrade.obj
  Debug\assign1.obj
Manifest:
  C:\Program Files\Microsoft SDKs\Windows\v7.0A\bin\mt.exe /nologo /verbose /out:"Debug\oopAssignment1ms.exe.embed.manifest" /manifest Debug\oopAssignment1ms.exe.intermediate.manifest
  All outputs are up-to-date.
LinkEmbedManifest:
  All outputs are up-to-date.
  oopAssignment1ms.vcxproj -> C:\Documents and Settings\Administrator\My Documents\Visual Studio 2010\Projects\oopAssignment1ms\Debug\oopAssignment1ms.exe
FinalizeBuildStatus:
  Deleting file "Debug\oopAssignment1ms.unsuccessfulbuild".
  Touching "Debug\oopAssignment1ms.lastbuildstate".
Done Building Project "C:\Documents and Settings\Administrator\My Documents\Visual Studio 2010\Projects\oopAssignment1ms\oopAssignment1ms\oopAssignment1ms.vcxproj" (build target(s)).

Build succeeded.

Time Elapsed 00:00:01.56
