Build started 9/12/2013 11:21:48 PM.
Project "C:\Documents and Settings\Administrator\Desktop\School Crap\Object Oriented Programming\Assignment 2\itp-a1.c\itp-a1.c\itp-a1.c.vcxproj" on node 2 (build target(s)).
InitializeBuildStatus:
  Creating "Debug\itp-a1.c.unsuccessfulbuild" because "AlwaysCreate" was specified.
ClCompile:
  C:\Program Files\Microsoft Visual Studio 10.0\VC\bin\CL.exe /c /ZI /nologo /W3 /WX- /Od /Oy- /D WIN32 /D _DEBUG /D _CONSOLE /D _UNICODE /D UNICODE /Gm /EHsc /RTC1 /MDd /GS /fp:precise /Zc:wchar_t /Zc:forScope /Fo"Debug\\" /Fd"Debug\vc100.pdb" /Gd /TC /analyze- /errorReport:prompt "..\..\..\..\..\New Folder\Assignment 1\a1FunThings.c"
  a1FunThings.c
c:\documents and settings\administrator\desktop\new folder\assignment 1\a1funthings.c(28): warning C4047: 'initializing' : 'char' differs in levels of indirection from 'char [2]'
c:\documents and settings\administrator\desktop\new folder\assignment 1\a1funthings.c(38): warning C4996: 'scanf': This function or variable may be unsafe. Consider using scanf_s instead. To disable deprecation, use _CRT_SECURE_NO_WARNINGS. See online help for details.
          c:\program files\microsoft visual studio 10.0\vc\include\stdio.h(304) : see declaration of 'scanf'
c:\documents and settings\administrator\desktop\new folder\assignment 1\a1funthings.c(46): warning C4996: 'scanf': This function or variable may be unsafe. Consider using scanf_s instead. To disable deprecation, use _CRT_SECURE_NO_WARNINGS. See online help for details.
          c:\program files\microsoft visual studio 10.0\vc\include\stdio.h(304) : see declaration of 'scanf'
c:\documents and settings\administrator\desktop\new folder\assignment 1\a1funthings.c(56): warning C4013: 'getch' undefined; assuming extern returning int
c:\documents and settings\administrator\desktop\new folder\assignment 1\a1funthings.c(111): warning C4018: '<=' : signed/unsigned mismatch
ManifestResourceCompile:
  All outputs are up-to-date.
Link:
  C:\Program Files\Microsoft Visual Studio 10.0\VC\bin\link.exe /ERRORREPORT:PROMPT /OUT:"C:\Documents and Settings\Administrator\Desktop\School Crap\Object Oriented Programming\Assignment 2\itp-a1.c\Debug\itp-a1.c.exe" /INCREMENTAL /NOLOGO kernel32.lib user32.lib gdi32.lib winspool.lib comdlg32.lib advapi32.lib shell32.lib ole32.lib oleaut32.lib uuid.lib odbc32.lib odbccp32.lib /MANIFEST /ManifestFile:"Debug\itp-a1.c.exe.intermediate.manifest" /MANIFESTUAC:"level='asInvoker' uiAccess='false'" /DEBUG /PDB:"C:\Documents and Settings\Administrator\Desktop\School Crap\Object Oriented Programming\Assignment 2\itp-a1.c\Debug\itp-a1.c.pdb" /SUBSYSTEM:CONSOLE /TLBID:1 /DYNAMICBASE /NXCOMPAT /IMPLIB:"C:\Documents and Settings\Administrator\Desktop\School Crap\Object Oriented Programming\Assignment 2\itp-a1.c\Debug\itp-a1.c.lib" /MACHINE:X86 "Debug\itp-a1.c.exe.embed.manifest.res"
  Debug\a1FunThings.obj
Manifest:
  C:\Program Files\Microsoft SDKs\Windows\v7.0A\bin\mt.exe /nologo /verbose /out:"Debug\itp-a1.c.exe.embed.manifest" /manifest "Debug\itp-a1.c.exe.intermediate.manifest"
  All outputs are up-to-date.
LinkEmbedManifest:
  All outputs are up-to-date.
  itp-a1.c.vcxproj -> C:\Documents and Settings\Administrator\Desktop\School Crap\Object Oriented Programming\Assignment 2\itp-a1.c\Debug\itp-a1.c.exe
FinalizeBuildStatus:
  Deleting file "Debug\itp-a1.c.unsuccessfulbuild".
  Touching "Debug\itp-a1.c.lastbuildstate".
Done Building Project "C:\Documents and Settings\Administrator\Desktop\School Crap\Object Oriented Programming\Assignment 2\itp-a1.c\itp-a1.c\itp-a1.c.vcxproj" (build target(s)).

Build succeeded.

Time Elapsed 00:00:02.83
