Build started 3/5/2013 9:58:20 PM.
Project "C:\Documents and Settings\Administrator\Desktop\School Crap\Advanced Software Techniques\astA4\astA4\astA4.vcxproj" on node 2 (build target(s)).
InitializeBuildStatus:
  Creating "Debug\astA4.unsuccessfulbuild" because "AlwaysCreate" was specified.
ClCompile:
  C:\Program Files\Microsoft Visual Studio 10.0\VC\bin\CL.exe /c /ZI /nologo /W3 /WX- /Od /Oy- /D WIN32 /D _DEBUG /D _CONSOLE /D _UNICODE /D UNICODE /Gm /EHsc /RTC1 /MDd /GS /fp:precise /Zc:wchar_t /Zc:forScope /Fo"Debug\\" /Fd"Debug\vc100.pdb" /Gd /TP /analyze- /errorReport:prompt astA4.cpp
  astA4.cpp
ManifestResourceCompile:
  C:\Program Files\Microsoft SDKs\Windows\v7.0A\bin\rc.exe /nologo /fo"Debug\astA4.exe.embed.manifest.res" Debug\astA4_manifest.rc 
Link:
  C:\Program Files\Microsoft Visual Studio 10.0\VC\bin\link.exe /ERRORREPORT:PROMPT /OUT:"C:\Documents and Settings\Administrator\Desktop\School Crap\Advanced Software Techniques\astA4\Debug\astA4.exe" /INCREMENTAL /NOLOGO kernel32.lib user32.lib gdi32.lib winspool.lib comdlg32.lib advapi32.lib shell32.lib ole32.lib oleaut32.lib uuid.lib odbc32.lib odbccp32.lib /MANIFEST /ManifestFile:"Debug\astA4.exe.intermediate.manifest" /MANIFESTUAC:"level='asInvoker' uiAccess='false'" /DEBUG /PDB:"C:\Documents and Settings\Administrator\Desktop\School Crap\Advanced Software Techniques\astA4\Debug\astA4.pdb" /SUBSYSTEM:CONSOLE /TLBID:1 /DYNAMICBASE /NXCOMPAT /IMPLIB:"C:\Documents and Settings\Administrator\Desktop\School Crap\Advanced Software Techniques\astA4\Debug\astA4.lib" /MACHINE:X86 Debug\astA4.exe.embed.manifest.res
  Debug\astA4.obj
  LINK : C:\Documents and Settings\Administrator\Desktop\School Crap\Advanced Software Techniques\astA4\Debug\astA4.exe not found or not built by the last incremental link; performing full link
Manifest:
  C:\Program Files\Microsoft SDKs\Windows\v7.0A\bin\mt.exe /nologo /verbose /out:"Debug\astA4.exe.embed.manifest" /manifest Debug\astA4.exe.intermediate.manifest
  All outputs are up-to-date.
LinkEmbedManifest:
  All outputs are up-to-date.
  astA4.vcxproj -> C:\Documents and Settings\Administrator\Desktop\School Crap\Advanced Software Techniques\astA4\Debug\astA4.exe
FinalizeBuildStatus:
  Deleting file "Debug\astA4.unsuccessfulbuild".
  Touching "Debug\astA4.lastbuildstate".
Done Building Project "C:\Documents and Settings\Administrator\Desktop\School Crap\Advanced Software Techniques\astA4\astA4\astA4.vcxproj" (build target(s)).

Build succeeded.

Time Elapsed 00:00:01.75
