Build started 2/13/2013 7:42:47 PM.
Project "C:\Documents and Settings\Administrator\Desktop\School Crap\Data Structures and Algorithm Development\dsaadA1\dsaadA1\dsaadA1.vcxproj" on node 2 (build target(s)).
InitializeBuildStatus:
  Creating "Debug\dsadA1.unsuccessfulbuild" because "AlwaysCreate" was specified.
ClCompile:
  C:\Program Files\Microsoft Visual Studio 10.0\VC\bin\CL.exe /c /ZI /nologo /W3 /WX- /Od /Oy- /D WIN32 /D _DEBUG /D _CONSOLE /D _MBCS /Gm /EHsc /RTC1 /MDd /GS /fp:precise /Zc:wchar_t /Zc:forScope /Fo"Debug\\" /Fd"Debug\vc100.pdb" /Gd /TC /analyze- /errorReport:prompt dsadA1.c
  dsadA1.c
c:\documents and settings\administrator\desktop\school crap\data structures and algorithm development\dsaada1\dsaada1\dsada1.c(61): warning C4996: 'fopen': This function or variable may be unsafe. Consider using fopen_s instead. To disable deprecation, use _CRT_SECURE_NO_WARNINGS. See online help for details.
          c:\program files\microsoft visual studio 10.0\vc\include\stdio.h(234) : see declaration of 'fopen'
c:\documents and settings\administrator\desktop\school crap\data structures and algorithm development\dsaada1\dsaada1\dsada1.c(83): warning C4996: 'strcpy': This function or variable may be unsafe. Consider using strcpy_s instead. To disable deprecation, use _CRT_SECURE_NO_WARNINGS. See online help for details.
          c:\program files\microsoft visual studio 10.0\vc\include\string.h(105) : see declaration of 'strcpy'
c:\documents and settings\administrator\desktop\school crap\data structures and algorithm development\dsaada1\dsaada1\dsada1.c(127): warning C4996: 'strcpy': This function or variable may be unsafe. Consider using strcpy_s instead. To disable deprecation, use _CRT_SECURE_NO_WARNINGS. See online help for details.
          c:\program files\microsoft visual studio 10.0\vc\include\string.h(105) : see declaration of 'strcpy'
c:\documents and settings\administrator\desktop\school crap\data structures and algorithm development\dsaada1\dsaada1\dsada1.c(128): warning C4996: 'strcpy': This function or variable may be unsafe. Consider using strcpy_s instead. To disable deprecation, use _CRT_SECURE_NO_WARNINGS. See online help for details.
          c:\program files\microsoft visual studio 10.0\vc\include\string.h(105) : see declaration of 'strcpy'
c:\documents and settings\administrator\desktop\school crap\data structures and algorithm development\dsaada1\dsaada1\dsada1.c(189): warning C4996: 'strcpy': This function or variable may be unsafe. Consider using strcpy_s instead. To disable deprecation, use _CRT_SECURE_NO_WARNINGS. See online help for details.
          c:\program files\microsoft visual studio 10.0\vc\include\string.h(105) : see declaration of 'strcpy'
c:\documents and settings\administrator\desktop\school crap\data structures and algorithm development\dsaada1\dsaada1\dsada1.c(190): warning C4996: 'strcpy': This function or variable may be unsafe. Consider using strcpy_s instead. To disable deprecation, use _CRT_SECURE_NO_WARNINGS. See online help for details.
          c:\program files\microsoft visual studio 10.0\vc\include\string.h(105) : see declaration of 'strcpy'
c:\documents and settings\administrator\desktop\school crap\data structures and algorithm development\dsaada1\dsaada1\dsada1.c(191): warning C4996: 'strcpy': This function or variable may be unsafe. Consider using strcpy_s instead. To disable deprecation, use _CRT_SECURE_NO_WARNINGS. See online help for details.
          c:\program files\microsoft visual studio 10.0\vc\include\string.h(105) : see declaration of 'strcpy'
c:\documents and settings\administrator\desktop\school crap\data structures and algorithm development\dsaada1\dsaada1\dsada1.c(250): warning C4996: 'strcpy': This function or variable may be unsafe. Consider using strcpy_s instead. To disable deprecation, use _CRT_SECURE_NO_WARNINGS. See online help for details.
          c:\program files\microsoft visual studio 10.0\vc\include\string.h(105) : see declaration of 'strcpy'
c:\documents and settings\administrator\desktop\school crap\data structures and algorithm development\dsaada1\dsaada1\dsada1.c(254): warning C4996: 'strcpy': This function or variable may be unsafe. Consider using strcpy_s instead. To disable deprecation, use _CRT_SECURE_NO_WARNINGS. See online help for details.
          c:\program files\microsoft visual studio 10.0\vc\include\string.h(105) : see declaration of 'strcpy'
c:\documents and settings\administrator\desktop\school crap\data structures and algorithm development\dsaada1\dsaada1\dsada1.c(254): warning C4996: 'strtok': This function or variable may be unsafe. Consider using strtok_s instead. To disable deprecation, use _CRT_SECURE_NO_WARNINGS. See online help for details.
          c:\program files\microsoft visual studio 10.0\vc\include\string.h(197) : see declaration of 'strtok'
c:\documents and settings\administrator\desktop\school crap\data structures and algorithm development\dsaada1\dsaada1\dsada1.c(255): warning C4996: 'strcat': This function or variable may be unsafe. Consider using strcat_s instead. To disable deprecation, use _CRT_SECURE_NO_WARNINGS. See online help for details.
          c:\program files\microsoft visual studio 10.0\vc\include\string.h(110) : see declaration of 'strcat'
c:\documents and settings\administrator\desktop\school crap\data structures and algorithm development\dsaada1\dsaada1\dsada1.c(261): warning C4996: 'strtok': This function or variable may be unsafe. Consider using strtok_s instead. To disable deprecation, use _CRT_SECURE_NO_WARNINGS. See online help for details.
          c:\program files\microsoft visual studio 10.0\vc\include\string.h(197) : see declaration of 'strtok'
c:\documents and settings\administrator\desktop\school crap\data structures and algorithm development\dsaada1\dsaada1\dsada1.c(267): warning C4996: 'strcpy': This function or variable may be unsafe. Consider using strcpy_s instead. To disable deprecation, use _CRT_SECURE_NO_WARNINGS. See online help for details.
          c:\program files\microsoft visual studio 10.0\vc\include\string.h(105) : see declaration of 'strcpy'
c:\documents and settings\administrator\desktop\school crap\data structures and algorithm development\dsaada1\dsaada1\dsada1.c(272): warning C4996: 'strcat': This function or variable may be unsafe. Consider using strcat_s instead. To disable deprecation, use _CRT_SECURE_NO_WARNINGS. See online help for details.
          c:\program files\microsoft visual studio 10.0\vc\include\string.h(110) : see declaration of 'strcat'
c:\documents and settings\administrator\desktop\school crap\data structures and algorithm development\dsaada1\dsaada1\dsada1.c(273): warning C4996: 'strcat': This function or variable may be unsafe. Consider using strcat_s instead. To disable deprecation, use _CRT_SECURE_NO_WARNINGS. See online help for details.
          c:\program files\microsoft visual studio 10.0\vc\include\string.h(110) : see declaration of 'strcat'
c:\documents and settings\administrator\desktop\school crap\data structures and algorithm development\dsaada1\dsaada1\dsada1.c(281): warning C4172: returning address of local variable or temporary
c:\documents and settings\administrator\desktop\school crap\data structures and algorithm development\dsaada1\dsaada1\dsada1.c(309): warning C4996: 'strcpy': This function or variable may be unsafe. Consider using strcpy_s instead. To disable deprecation, use _CRT_SECURE_NO_WARNINGS. See online help for details.
          c:\program files\microsoft visual studio 10.0\vc\include\string.h(105) : see declaration of 'strcpy'
c:\documents and settings\administrator\desktop\school crap\data structures and algorithm development\dsaada1\dsaada1\dsada1.c(402): warning C4996: 'strcpy': This function or variable may be unsafe. Consider using strcpy_s instead. To disable deprecation, use _CRT_SECURE_NO_WARNINGS. See online help for details.
          c:\program files\microsoft visual studio 10.0\vc\include\string.h(105) : see declaration of 'strcpy'
c:\documents and settings\administrator\desktop\school crap\data structures and algorithm development\dsaada1\dsaada1\dsada1.c(406): warning C4996: 'strcpy': This function or variable may be unsafe. Consider using strcpy_s instead. To disable deprecation, use _CRT_SECURE_NO_WARNINGS. See online help for details.
          c:\program files\microsoft visual studio 10.0\vc\include\string.h(105) : see declaration of 'strcpy'
c:\documents and settings\administrator\desktop\school crap\data structures and algorithm development\dsaada1\dsaada1\dsada1.c(408): warning C4996: 'strcat': This function or variable may be unsafe. Consider using strcat_s instead. To disable deprecation, use _CRT_SECURE_NO_WARNINGS. See online help for details.
          c:\program files\microsoft visual studio 10.0\vc\include\string.h(110) : see declaration of 'strcat'
c:\documents and settings\administrator\desktop\school crap\data structures and algorithm development\dsaada1\dsaada1\dsada1.c(430): warning C4996: 'strcpy': This function or variable may be unsafe. Consider using strcpy_s instead. To disable deprecation, use _CRT_SECURE_NO_WARNINGS. See online help for details.
          c:\program files\microsoft visual studio 10.0\vc\include\string.h(105) : see declaration of 'strcpy'
c:\documents and settings\administrator\desktop\school crap\data structures and algorithm development\dsaada1\dsaada1\dsada1.c(431): warning C4996: 'strcpy': This function or variable may be unsafe. Consider using strcpy_s instead. To disable deprecation, use _CRT_SECURE_NO_WARNINGS. See online help for details.
          c:\program files\microsoft visual studio 10.0\vc\include\string.h(105) : see declaration of 'strcpy'
c:\documents and settings\administrator\desktop\school crap\data structures and algorithm development\dsaada1\dsaada1\dsada1.c(432): warning C4996: 'strcat': This function or variable may be unsafe. Consider using strcat_s instead. To disable deprecation, use _CRT_SECURE_NO_WARNINGS. See online help for details.
          c:\program files\microsoft visual studio 10.0\vc\include\string.h(110) : see declaration of 'strcat'
c:\documents and settings\administrator\desktop\school crap\data structures and algorithm development\dsaada1\dsaada1\dsada1.c(435): warning C4996: 'strcpy': This function or variable may be unsafe. Consider using strcpy_s instead. To disable deprecation, use _CRT_SECURE_NO_WARNINGS. See online help for details.
          c:\program files\microsoft visual studio 10.0\vc\include\string.h(105) : see declaration of 'strcpy'
c:\documents and settings\administrator\desktop\school crap\data structures and algorithm development\dsaada1\dsaada1\dsada1.c(439): warning C4996: 'strcat': This function or variable may be unsafe. Consider using strcat_s instead. To disable deprecation, use _CRT_SECURE_NO_WARNINGS. See online help for details.
          c:\program files\microsoft visual studio 10.0\vc\include\string.h(110) : see declaration of 'strcat'
c:\documents and settings\administrator\desktop\school crap\data structures and algorithm development\dsaada1\dsaada1\dsada1.c(442): warning C4996: 'strcat': This function or variable may be unsafe. Consider using strcat_s instead. To disable deprecation, use _CRT_SECURE_NO_WARNINGS. See online help for details.
          c:\program files\microsoft visual studio 10.0\vc\include\string.h(110) : see declaration of 'strcat'
c:\documents and settings\administrator\desktop\school crap\data structures and algorithm development\dsaada1\dsaada1\dsada1.c(443): warning C4996: 'strcat': This function or variable may be unsafe. Consider using strcat_s instead. To disable deprecation, use _CRT_SECURE_NO_WARNINGS. See online help for details.
          c:\program files\microsoft visual studio 10.0\vc\include\string.h(110) : see declaration of 'strcat'
c:\documents and settings\administrator\desktop\school crap\data structures and algorithm development\dsaada1\dsaada1\dsada1.c(445): warning C4996: 'strcat': This function or variable may be unsafe. Consider using strcat_s instead. To disable deprecation, use _CRT_SECURE_NO_WARNINGS. See online help for details.
          c:\program files\microsoft visual studio 10.0\vc\include\string.h(110) : see declaration of 'strcat'
ManifestResourceCompile:
  C:\Program Files\Microsoft SDKs\Windows\v7.0A\bin\rc.exe /nologo /fo"Debug\dsadA1.exe.embed.manifest.res" Debug\dsadA1_manifest.rc 
Link:
  C:\Program Files\Microsoft Visual Studio 10.0\VC\bin\link.exe /ERRORREPORT:PROMPT /OUT:"C:\Documents and Settings\Administrator\Desktop\School Crap\Data Structures and Algorithm Development\dsaadA1\Debug\dsadA1.exe" /INCREMENTAL /NOLOGO kernel32.lib user32.lib gdi32.lib winspool.lib comdlg32.lib advapi32.lib shell32.lib ole32.lib oleaut32.lib uuid.lib odbc32.lib odbccp32.lib /MANIFEST /ManifestFile:"Debug\dsadA1.exe.intermediate.manifest" /MANIFESTUAC:"level='asInvoker' uiAccess='false'" /DEBUG /PDB:"C:\Documents and Settings\Administrator\Desktop\School Crap\Data Structures and Algorithm Development\dsaadA1\Debug\dsadA1.pdb" /SUBSYSTEM:CONSOLE /TLBID:1 /DYNAMICBASE /NXCOMPAT /IMPLIB:"C:\Documents and Settings\Administrator\Desktop\School Crap\Data Structures and Algorithm Development\dsaadA1\Debug\dsadA1.lib" /MACHINE:X86 Debug\dsadA1.exe.embed.manifest.res
  Debug\dsadA1.obj
Manifest:
  C:\Program Files\Microsoft SDKs\Windows\v7.0A\bin\mt.exe /nologo /verbose /out:"Debug\dsadA1.exe.embed.manifest" /manifest Debug\dsadA1.exe.intermediate.manifest
  C:\Program Files\Microsoft SDKs\Windows\v7.0A\bin\rc.exe /nologo /fo"Debug\dsadA1.exe.embed.manifest.res" Debug\dsadA1_manifest.rc 
LinkEmbedManifest:
  C:\Program Files\Microsoft Visual Studio 10.0\VC\bin\link.exe /ERRORREPORT:PROMPT /OUT:"C:\Documents and Settings\Administrator\Desktop\School Crap\Data Structures and Algorithm Development\dsaadA1\Debug\dsadA1.exe" /INCREMENTAL /NOLOGO kernel32.lib user32.lib gdi32.lib winspool.lib comdlg32.lib advapi32.lib shell32.lib ole32.lib oleaut32.lib uuid.lib odbc32.lib odbccp32.lib /MANIFEST /ManifestFile:"Debug\dsadA1.exe.intermediate.manifest" /MANIFESTUAC:"level='asInvoker' uiAccess='false'" /DEBUG /PDB:"C:\Documents and Settings\Administrator\Desktop\School Crap\Data Structures and Algorithm Development\dsaadA1\Debug\dsadA1.pdb" /SUBSYSTEM:CONSOLE /TLBID:1 /DYNAMICBASE /NXCOMPAT /IMPLIB:"C:\Documents and Settings\Administrator\Desktop\School Crap\Data Structures and Algorithm Development\dsaadA1\Debug\dsadA1.lib" /MACHINE:X86 Debug\dsadA1.exe.embed.manifest.res
  Debug\dsadA1.obj
  dsaadA1.vcxproj -> C:\Documents and Settings\Administrator\Desktop\School Crap\Data Structures and Algorithm Development\dsaadA1\Debug\dsadA1.exe
FinalizeBuildStatus:
  Deleting file "Debug\dsadA1.unsuccessfulbuild".
  Touching "Debug\dsadA1.lastbuildstate".
Done Building Project "C:\Documents and Settings\Administrator\Desktop\School Crap\Data Structures and Algorithm Development\dsaadA1\dsaadA1\dsaadA1.vcxproj" (build target(s)).

Build succeeded.

Time Elapsed 00:00:01.80
