\\FS04D\STU6\HOME\MSADOWSKI-CC\VISUAL STUDIO 2010\PROJECTS\DSAADA1\DEBUG\DSAADA1.EXE
\\FS04D\STU6\HOME\MSADOWSKI-CC\VISUAL STUDIO 2010\PROJECTS\DSAADA1\DEBUG\DSAADA1.ILK
\\FS04D\STU6\HOME\MSADOWSKI-CC\VISUAL STUDIO 2010\PROJECTS\DSAADA1\DEBUG\DSAADA1.PDB
\\FS04D\STU6\HOME\MSADOWSKI-CC\VISUAL STUDIO 2010\PROJECTS\DSAADA1\DSAADA1\DEBUG\DSAADA1.EXE.EMBED.MANIFEST.RES
\\FS04D\STU6\HOME\MSADOWSKI-CC\VISUAL STUDIO 2010\PROJECTS\DSAADA1\DSAADA1\DEBUG\DSAADA1.EXE.INTERMEDIATE.MANIFEST
\\FS04D\STU6\HOME\MSADOWSKI-CC\VISUAL STUDIO 2010\PROJECTS\DSAADA1\DSAADA1\DEBUG\DSADA1.OBJ
\\FS04D\STU6\HOME\MSADOWSKI-CC\VISUAL STUDIO 2010\PROJECTS\DSAADA1\DSAADA1\DEBUG\VC100.PDB
C:\DOCUMENTS AND SETTINGS\ADMINISTRATOR\DESKTOP\SCHOOL CRAP\DSAADA1\DEBUG\DSAADA1.EXE
C:\DOCUMENTS AND SETTINGS\ADMINISTRATOR\DESKTOP\SCHOOL CRAP\DSAADA1\DEBUG\DSAADA1.ILK
C:\DOCUMENTS AND SETTINGS\ADMINISTRATOR\DESKTOP\SCHOOL CRAP\DSAADA1\DEBUG\DSAADA1.PDB
C:\DOCUMENTS AND SETTINGS\ADMINISTRATOR\DESKTOP\SCHOOL CRAP\DSAADA1\DSAADA1\DEBUG\DSAADA1.EXE.EMBED.MANIFEST
C:\DOCUMENTS AND SETTINGS\ADMINISTRATOR\DESKTOP\SCHOOL CRAP\DSAADA1\DSAADA1\DEBUG\DSAADA1.EXE.EMBED.MANIFEST.RES
C:\DOCUMENTS AND SETTINGS\ADMINISTRATOR\DESKTOP\SCHOOL CRAP\DSAADA1\DSAADA1\DEBUG\DSAADA1.EXE.INTERMEDIATE.MANIFEST
C:\DOCUMENTS AND SETTINGS\ADMINISTRATOR\DESKTOP\SCHOOL CRAP\DSAADA1\DSAADA1\DEBUG\DSADA1.OBJ
C:\DOCUMENTS AND SETTINGS\ADMINISTRATOR\DESKTOP\SCHOOL CRAP\DSAADA1\DSAADA1\DEBUG\VC100.PDB
G:\Visual Studio 2010\Projects\dsaadA1\Debug\dsaadA1.exe
G:\Visual Studio 2010\Projects\dsaadA1\Debug\dsaadA1.ilk
G:\VISUAL STUDIO 2010\PROJECTS\DSAADA1\DEBUG\DSAADA1.PDB
G:\Visual Studio 2010\Projects\dsaadA1\dsaadA1\Debug\cl.command.1.tlog
G:\Visual Studio 2010\Projects\dsaadA1\dsaadA1\Debug\CL.read.1.tlog
G:\Visual Studio 2010\Projects\dsaadA1\dsaadA1\Debug\CL.write.1.tlog
G:\Visual Studio 2010\Projects\dsaadA1\dsaadA1\Debug\dsaadA1.exe.embed.manifest
G:\Visual Studio 2010\Projects\dsaadA1\dsaadA1\Debug\dsaadA1.exe.embed.manifest.res
G:\Visual Studio 2010\Projects\dsaadA1\dsaadA1\Debug\dsaadA1.exe.intermediate.manifest
G:\Visual Studio 2010\Projects\dsaadA1\dsaadA1\Debug\dsaadA1_manifest.rc
G:\VISUAL STUDIO 2010\PROJECTS\DSAADA1\DSAADA1\DEBUG\DSADA1.OBJ
G:\Visual Studio 2010\Projects\dsaadA1\dsaadA1\Debug\link.3480.read.1.tlog
G:\Visual Studio 2010\Projects\dsaadA1\dsaadA1\Debug\link.3480.write.1.tlog
G:\Visual Studio 2010\Projects\dsaadA1\dsaadA1\Debug\link.3480-cvtres.read.1.tlog
G:\Visual Studio 2010\Projects\dsaadA1\dsaadA1\Debug\link.3480-cvtres.write.1.tlog
G:\Visual Studio 2010\Projects\dsaadA1\dsaadA1\Debug\link.8692.read.1.tlog
G:\Visual Studio 2010\Projects\dsaadA1\dsaadA1\Debug\link.8692.write.1.tlog
G:\Visual Studio 2010\Projects\dsaadA1\dsaadA1\Debug\link.8692-cvtres.read.1.tlog
G:\Visual Studio 2010\Projects\dsaadA1\dsaadA1\Debug\link.8692-cvtres.write.1.tlog
G:\Visual Studio 2010\Projects\dsaadA1\dsaadA1\Debug\link.command.1.tlog
G:\Visual Studio 2010\Projects\dsaadA1\dsaadA1\Debug\link.read.1.tlog
G:\Visual Studio 2010\Projects\dsaadA1\dsaadA1\Debug\link.write.1.tlog
G:\Visual Studio 2010\Projects\dsaadA1\dsaadA1\Debug\link-cvtres.read.1.tlog
G:\Visual Studio 2010\Projects\dsaadA1\dsaadA1\Debug\link-cvtres.write.1.tlog
G:\Visual Studio 2010\Projects\dsaadA1\dsaadA1\Debug\mt.command.1.tlog
G:\Visual Studio 2010\Projects\dsaadA1\dsaadA1\Debug\mt.read.1.tlog
G:\Visual Studio 2010\Projects\dsaadA1\dsaadA1\Debug\mt.write.1.tlog
G:\Visual Studio 2010\Projects\dsaadA1\dsaadA1\Debug\rc.command.1.tlog
G:\Visual Studio 2010\Projects\dsaadA1\dsaadA1\Debug\rc.read.1.tlog
G:\Visual Studio 2010\Projects\dsaadA1\dsaadA1\Debug\rc.write.1.tlog
G:\Visual Studio 2010\Projects\dsaadA1\dsaadA1\Debug\vc100.idb
G:\VISUAL STUDIO 2010\PROJECTS\DSAADA1\DSAADA1\DEBUG\VC100.PDB
